2017-10-16 12:52:18,359 DEBUG    root            Loaded Command Group: ['gcloud', 'components']
2017-10-16 12:52:18,361 DEBUG    root            Loaded Command Group: ['gcloud', 'components', 'update']
2017-10-16 12:52:18,364 DEBUG    root            Running [gcloud.components.update] with arguments: [--allow-no-backup: "True", --quiet: "True", COMPONENT-IDS:5: "[u'core', u'gcloud-deps', u'bq', u'gcloud', u'gsutil']"]
2017-10-16 12:52:18,506 INFO     ___FILE_ONLY___ 

2017-10-16 12:52:18,507 INFO     ___FILE_ONLY___ 
Your current Cloud SDK version is: 175.0.0

2017-10-16 12:52:18,507 INFO     ___FILE_ONLY___ Installing components from version: 175.0.0

2017-10-16 12:52:18,507 INFO     ___FILE_ONLY___ 

2017-10-16 12:52:18,517 INFO     ___FILE_ONLY___ +----------------------------------------------------------------------------+
2017-10-16 12:52:18,517 INFO     ___FILE_ONLY___ 

2017-10-16 12:52:18,517 INFO     ___FILE_ONLY___ |                    These components will be installed.                     |
2017-10-16 12:52:18,517 INFO     ___FILE_ONLY___ 

2017-10-16 12:52:18,517 INFO     ___FILE_ONLY___ +-----------------------------------------------------+------------+---------+
2017-10-16 12:52:18,517 INFO     ___FILE_ONLY___ 

2017-10-16 12:52:18,517 INFO     ___FILE_ONLY___ |                         Name                        |  Version   |   Size  |
2017-10-16 12:52:18,517 INFO     ___FILE_ONLY___ 

2017-10-16 12:52:18,517 INFO     ___FILE_ONLY___ +-----------------------------------------------------+------------+---------+
2017-10-16 12:52:18,517 INFO     ___FILE_ONLY___ 

2017-10-16 12:52:18,518 INFO     ___FILE_ONLY___ | 
2017-10-16 12:52:18,518 INFO     ___FILE_ONLY___ BigQuery Command Line Tool                         
2017-10-16 12:52:18,518 INFO     ___FILE_ONLY___  
2017-10-16 12:52:18,518 INFO     ___FILE_ONLY___ | 
2017-10-16 12:52:18,518 INFO     ___FILE_ONLY___     2.0.27
2017-10-16 12:52:18,518 INFO     ___FILE_ONLY___  
2017-10-16 12:52:18,518 INFO     ___FILE_ONLY___ | 
2017-10-16 12:52:18,518 INFO     ___FILE_ONLY___ < 1 MiB
2017-10-16 12:52:18,518 INFO     ___FILE_ONLY___  
2017-10-16 12:52:18,518 INFO     ___FILE_ONLY___ |
2017-10-16 12:52:18,518 INFO     ___FILE_ONLY___ 

2017-10-16 12:52:18,518 INFO     ___FILE_ONLY___ | 
2017-10-16 12:52:18,518 INFO     ___FILE_ONLY___ BigQuery Command Line Tool (Platform Specific)     
2017-10-16 12:52:18,518 INFO     ___FILE_ONLY___  
2017-10-16 12:52:18,518 INFO     ___FILE_ONLY___ | 
2017-10-16 12:52:18,519 INFO     ___FILE_ONLY___     2.0.26
2017-10-16 12:52:18,519 INFO     ___FILE_ONLY___  
2017-10-16 12:52:18,519 INFO     ___FILE_ONLY___ | 
2017-10-16 12:52:18,519 INFO     ___FILE_ONLY___ < 1 MiB
2017-10-16 12:52:18,519 INFO     ___FILE_ONLY___  
2017-10-16 12:52:18,519 INFO     ___FILE_ONLY___ |
2017-10-16 12:52:18,519 INFO     ___FILE_ONLY___ 

2017-10-16 12:52:18,519 INFO     ___FILE_ONLY___ | 
2017-10-16 12:52:18,519 INFO     ___FILE_ONLY___ Cloud SDK Core Libraries (Platform Specific)       
2017-10-16 12:52:18,519 INFO     ___FILE_ONLY___  
2017-10-16 12:52:18,519 INFO     ___FILE_ONLY___ | 
2017-10-16 12:52:18,519 INFO     ___FILE_ONLY___ 2017.09.15
2017-10-16 12:52:18,519 INFO     ___FILE_ONLY___  
2017-10-16 12:52:18,520 INFO     ___FILE_ONLY___ | 
2017-10-16 12:52:18,520 INFO     ___FILE_ONLY___ < 1 MiB
2017-10-16 12:52:18,520 INFO     ___FILE_ONLY___  
2017-10-16 12:52:18,520 INFO     ___FILE_ONLY___ |
2017-10-16 12:52:18,520 INFO     ___FILE_ONLY___ 

2017-10-16 12:52:18,520 INFO     ___FILE_ONLY___ | 
2017-10-16 12:52:18,520 INFO     ___FILE_ONLY___ Cloud Storage Command Line Tool                    
2017-10-16 12:52:18,520 INFO     ___FILE_ONLY___  
2017-10-16 12:52:18,520 INFO     ___FILE_ONLY___ | 
2017-10-16 12:52:18,520 INFO     ___FILE_ONLY___       4.27
2017-10-16 12:52:18,520 INFO     ___FILE_ONLY___  
2017-10-16 12:52:18,520 INFO     ___FILE_ONLY___ | 
2017-10-16 12:52:18,520 INFO     ___FILE_ONLY___ 3.0 MiB
2017-10-16 12:52:18,520 INFO     ___FILE_ONLY___  
2017-10-16 12:52:18,520 INFO     ___FILE_ONLY___ |
2017-10-16 12:52:18,520 INFO     ___FILE_ONLY___ 

2017-10-16 12:52:18,521 INFO     ___FILE_ONLY___ | 
2017-10-16 12:52:18,521 INFO     ___FILE_ONLY___ Cloud Storage Command Line Tool (Platform Specific)
2017-10-16 12:52:18,521 INFO     ___FILE_ONLY___  
2017-10-16 12:52:18,521 INFO     ___FILE_ONLY___ | 
2017-10-16 12:52:18,521 INFO     ___FILE_ONLY___       4.27
2017-10-16 12:52:18,521 INFO     ___FILE_ONLY___  
2017-10-16 12:52:18,521 INFO     ___FILE_ONLY___ | 
2017-10-16 12:52:18,521 INFO     ___FILE_ONLY___ < 1 MiB
2017-10-16 12:52:18,521 INFO     ___FILE_ONLY___  
2017-10-16 12:52:18,521 INFO     ___FILE_ONLY___ |
2017-10-16 12:52:18,521 INFO     ___FILE_ONLY___ 

2017-10-16 12:52:18,521 INFO     ___FILE_ONLY___ | 
2017-10-16 12:52:18,522 INFO     ___FILE_ONLY___ Default set of gcloud commands                     
2017-10-16 12:52:18,522 INFO     ___FILE_ONLY___  
2017-10-16 12:52:18,522 INFO     ___FILE_ONLY___ | 
2017-10-16 12:52:18,522 INFO     ___FILE_ONLY___           
2017-10-16 12:52:18,522 INFO     ___FILE_ONLY___  
2017-10-16 12:52:18,522 INFO     ___FILE_ONLY___ | 
2017-10-16 12:52:18,522 INFO     ___FILE_ONLY___        
2017-10-16 12:52:18,522 INFO     ___FILE_ONLY___  
2017-10-16 12:52:18,522 INFO     ___FILE_ONLY___ |
2017-10-16 12:52:18,522 INFO     ___FILE_ONLY___ 

2017-10-16 12:52:18,522 INFO     ___FILE_ONLY___ | 
2017-10-16 12:52:18,522 INFO     ___FILE_ONLY___ gcloud cli dependencies                            
2017-10-16 12:52:18,522 INFO     ___FILE_ONLY___  
2017-10-16 12:52:18,522 INFO     ___FILE_ONLY___ | 
2017-10-16 12:52:18,523 INFO     ___FILE_ONLY___ 2017.09.15
2017-10-16 12:52:18,523 INFO     ___FILE_ONLY___  
2017-10-16 12:52:18,523 INFO     ___FILE_ONLY___ | 
2017-10-16 12:52:18,523 INFO     ___FILE_ONLY___ 1.4 MiB
2017-10-16 12:52:18,523 INFO     ___FILE_ONLY___  
2017-10-16 12:52:18,523 INFO     ___FILE_ONLY___ |
2017-10-16 12:52:18,523 INFO     ___FILE_ONLY___ 

2017-10-16 12:52:18,523 INFO     ___FILE_ONLY___ +-----------------------------------------------------+------------+---------+
2017-10-16 12:52:18,523 INFO     ___FILE_ONLY___ 

2017-10-16 12:52:18,523 INFO     ___FILE_ONLY___ 

2017-10-16 12:52:18,632 INFO     ___FILE_ONLY___ For the latest full release notes, please visit:
  https://cloud.google.com/sdk/release_notes


2017-10-16 12:52:18,633 INFO     ___FILE_ONLY___ #============================================================#

2017-10-16 12:52:18,633 INFO     ___FILE_ONLY___ #= Creating update staging area                             =#

2017-10-16 12:52:18,633 INFO     ___FILE_ONLY___ #
2017-10-16 12:52:18,633 INFO     ___FILE_ONLY___ ======
2017-10-16 12:52:18,633 INFO     ___FILE_ONLY___ ======
2017-10-16 12:52:18,633 INFO     ___FILE_ONLY___ ======
2017-10-16 12:52:18,714 INFO     ___FILE_ONLY___ =
2017-10-16 12:52:18,762 INFO     ___FILE_ONLY___ =
2017-10-16 12:52:18,801 INFO     ___FILE_ONLY___ =
2017-10-16 12:52:18,841 INFO     ___FILE_ONLY___ =
2017-10-16 12:52:18,883 INFO     ___FILE_ONLY___ =
2017-10-16 12:52:18,907 INFO     ___FILE_ONLY___ =
2017-10-16 12:52:18,931 INFO     ___FILE_ONLY___ =
2017-10-16 12:52:18,963 INFO     ___FILE_ONLY___ =
2017-10-16 12:52:18,995 INFO     ___FILE_ONLY___ =
2017-10-16 12:52:19,138 INFO     ___FILE_ONLY___ =
2017-10-16 12:52:19,234 INFO     ___FILE_ONLY___ =
2017-10-16 12:52:19,261 INFO     ___FILE_ONLY___ =
2017-10-16 12:52:19,299 INFO     ___FILE_ONLY___ =
2017-10-16 12:52:19,374 INFO     ___FILE_ONLY___ =
2017-10-16 12:52:19,410 INFO     ___FILE_ONLY___ =
2017-10-16 12:52:19,452 INFO     ___FILE_ONLY___ =
2017-10-16 12:52:19,486 INFO     ___FILE_ONLY___ =
2017-10-16 12:52:19,525 INFO     ___FILE_ONLY___ =
2017-10-16 12:52:19,548 INFO     ___FILE_ONLY___ =
2017-10-16 12:52:19,588 INFO     ___FILE_ONLY___ =
2017-10-16 12:52:19,630 INFO     ___FILE_ONLY___ =
2017-10-16 12:52:19,680 INFO     ___FILE_ONLY___ =
2017-10-16 12:52:19,713 INFO     ___FILE_ONLY___ =
2017-10-16 12:52:19,746 INFO     ___FILE_ONLY___ =
2017-10-16 12:52:19,776 INFO     ___FILE_ONLY___ =
2017-10-16 12:52:19,801 INFO     ___FILE_ONLY___ =
2017-10-16 12:52:19,820 INFO     ___FILE_ONLY___ =
2017-10-16 12:52:19,848 INFO     ___FILE_ONLY___ =
2017-10-16 12:52:19,882 INFO     ___FILE_ONLY___ =
2017-10-16 12:52:19,912 INFO     ___FILE_ONLY___ =
2017-10-16 12:52:19,944 INFO     ___FILE_ONLY___ =
2017-10-16 12:52:19,972 INFO     ___FILE_ONLY___ =
2017-10-16 12:52:20,006 INFO     ___FILE_ONLY___ =
2017-10-16 12:52:20,066 INFO     ___FILE_ONLY___ =
2017-10-16 12:52:20,154 INFO     ___FILE_ONLY___ =
2017-10-16 12:52:20,212 INFO     ___FILE_ONLY___ =
2017-10-16 12:52:20,301 INFO     ___FILE_ONLY___ =
2017-10-16 12:52:20,335 INFO     ___FILE_ONLY___ =
2017-10-16 12:52:20,410 INFO     ___FILE_ONLY___ =
2017-10-16 12:52:20,474 INFO     ___FILE_ONLY___ =
2017-10-16 12:52:20,487 INFO     ___FILE_ONLY___ =
2017-10-16 12:52:20,507 INFO     ___FILE_ONLY___ =
2017-10-16 12:52:20,507 INFO     ___FILE_ONLY___ #

2017-10-16 12:52:20,509 INFO     ___FILE_ONLY___ #= Installing: BigQuery Command Line Tool                   =#

2017-10-16 12:52:20,509 INFO     ___FILE_ONLY___ #
2017-10-16 12:52:20,608 INFO     ___FILE_ONLY___ =
2017-10-16 12:52:20,611 INFO     ___FILE_ONLY___ =
2017-10-16 12:52:20,612 INFO     ___FILE_ONLY___ =
2017-10-16 12:52:20,614 INFO     ___FILE_ONLY___ =
2017-10-16 12:52:20,616 INFO     ___FILE_ONLY___ =
2017-10-16 12:52:20,617 INFO     ___FILE_ONLY___ =
2017-10-16 12:52:20,619 INFO     ___FILE_ONLY___ =
2017-10-16 12:52:20,620 INFO     ___FILE_ONLY___ =
2017-10-16 12:52:20,620 INFO     ___FILE_ONLY___ =
2017-10-16 12:52:20,621 INFO     ___FILE_ONLY___ =
2017-10-16 12:52:20,622 INFO     ___FILE_ONLY___ =
2017-10-16 12:52:20,624 INFO     ___FILE_ONLY___ =
2017-10-16 12:52:20,624 INFO     ___FILE_ONLY___ =
2017-10-16 12:52:20,624 INFO     ___FILE_ONLY___ =
2017-10-16 12:52:20,625 INFO     ___FILE_ONLY___ =
2017-10-16 12:52:20,626 INFO     ___FILE_ONLY___ =
2017-10-16 12:52:20,628 INFO     ___FILE_ONLY___ =
2017-10-16 12:52:20,629 INFO     ___FILE_ONLY___ =
2017-10-16 12:52:20,629 INFO     ___FILE_ONLY___ =
2017-10-16 12:52:20,630 INFO     ___FILE_ONLY___ =
2017-10-16 12:52:20,631 INFO     ___FILE_ONLY___ =
2017-10-16 12:52:20,632 INFO     ___FILE_ONLY___ =
2017-10-16 12:52:20,632 INFO     ___FILE_ONLY___ =
2017-10-16 12:52:20,633 INFO     ___FILE_ONLY___ =
2017-10-16 12:52:20,633 INFO     ___FILE_ONLY___ =
2017-10-16 12:52:20,634 INFO     ___FILE_ONLY___ =
2017-10-16 12:52:20,634 INFO     ___FILE_ONLY___ =
2017-10-16 12:52:20,634 INFO     ___FILE_ONLY___ =
2017-10-16 12:52:20,635 INFO     ___FILE_ONLY___ =
2017-10-16 12:52:20,636 INFO     ___FILE_ONLY___ =
2017-10-16 12:52:20,676 INFO     ___FILE_ONLY___ =
2017-10-16 12:52:20,680 INFO     ___FILE_ONLY___ =
2017-10-16 12:52:20,683 INFO     ___FILE_ONLY___ =
2017-10-16 12:52:20,686 INFO     ___FILE_ONLY___ =
2017-10-16 12:52:20,689 INFO     ___FILE_ONLY___ =
2017-10-16 12:52:20,691 INFO     ___FILE_ONLY___ =
2017-10-16 12:52:20,694 INFO     ___FILE_ONLY___ =
2017-10-16 12:52:20,696 INFO     ___FILE_ONLY___ =
2017-10-16 12:52:20,699 INFO     ___FILE_ONLY___ =
2017-10-16 12:52:20,701 INFO     ___FILE_ONLY___ =
2017-10-16 12:52:20,704 INFO     ___FILE_ONLY___ =
2017-10-16 12:52:20,707 INFO     ___FILE_ONLY___ =
2017-10-16 12:52:20,710 INFO     ___FILE_ONLY___ =
2017-10-16 12:52:20,712 INFO     ___FILE_ONLY___ =
2017-10-16 12:52:20,713 INFO     ___FILE_ONLY___ =
2017-10-16 12:52:20,716 INFO     ___FILE_ONLY___ =
2017-10-16 12:52:20,717 INFO     ___FILE_ONLY___ =
2017-10-16 12:52:20,719 INFO     ___FILE_ONLY___ =
2017-10-16 12:52:20,721 INFO     ___FILE_ONLY___ =
2017-10-16 12:52:20,722 INFO     ___FILE_ONLY___ =
2017-10-16 12:52:20,724 INFO     ___FILE_ONLY___ =
2017-10-16 12:52:20,727 INFO     ___FILE_ONLY___ =
2017-10-16 12:52:20,729 INFO     ___FILE_ONLY___ =
2017-10-16 12:52:20,732 INFO     ___FILE_ONLY___ =
2017-10-16 12:52:20,734 INFO     ___FILE_ONLY___ =
2017-10-16 12:52:20,736 INFO     ___FILE_ONLY___ =
2017-10-16 12:52:20,738 INFO     ___FILE_ONLY___ =
2017-10-16 12:52:20,741 INFO     ___FILE_ONLY___ =
2017-10-16 12:52:20,743 INFO     ___FILE_ONLY___ =
2017-10-16 12:52:20,745 INFO     ___FILE_ONLY___ =
2017-10-16 12:52:20,745 INFO     ___FILE_ONLY___ #

2017-10-16 12:52:20,753 INFO     ___FILE_ONLY___ #= Installing: BigQuery Command Line Tool (Platform Spec... =#

2017-10-16 12:52:20,753 INFO     ___FILE_ONLY___ #
2017-10-16 12:52:20,838 INFO     ___FILE_ONLY___ ==============================
2017-10-16 12:52:20,840 INFO     ___FILE_ONLY___ ===============
2017-10-16 12:52:20,841 INFO     ___FILE_ONLY___ ===============
2017-10-16 12:52:20,841 INFO     ___FILE_ONLY___ #

2017-10-16 12:52:20,844 INFO     ___FILE_ONLY___ #= Installing: Cloud SDK Core Libraries (Platform Specific) =#

2017-10-16 12:52:20,844 INFO     ___FILE_ONLY___ #
2017-10-16 12:52:20,931 INFO     ___FILE_ONLY___ ==============================
2017-10-16 12:52:20,933 INFO     ___FILE_ONLY___ ==========
2017-10-16 12:52:20,934 INFO     ___FILE_ONLY___ =========
2017-10-16 12:52:20,934 INFO     ___FILE_ONLY___ ===========
2017-10-16 12:52:20,934 INFO     ___FILE_ONLY___ #

2017-10-16 12:52:20,938 INFO     ___FILE_ONLY___ #= Installing: Cloud Storage Command Line Tool              =#

2017-10-16 12:52:20,939 INFO     ___FILE_ONLY___ #
2017-10-16 12:52:21,051 INFO     ___FILE_ONLY___ =
2017-10-16 12:52:21,055 INFO     ___FILE_ONLY___ =
2017-10-16 12:52:21,060 INFO     ___FILE_ONLY___ =
2017-10-16 12:52:21,065 INFO     ___FILE_ONLY___ =
2017-10-16 12:52:21,069 INFO     ___FILE_ONLY___ =
2017-10-16 12:52:21,072 INFO     ___FILE_ONLY___ =
2017-10-16 12:52:21,075 INFO     ___FILE_ONLY___ =
2017-10-16 12:52:21,078 INFO     ___FILE_ONLY___ =
2017-10-16 12:52:21,081 INFO     ___FILE_ONLY___ =
2017-10-16 12:52:21,082 INFO     ___FILE_ONLY___ =
2017-10-16 12:52:21,084 INFO     ___FILE_ONLY___ =
2017-10-16 12:52:21,086 INFO     ___FILE_ONLY___ =
2017-10-16 12:52:21,088 INFO     ___FILE_ONLY___ =
2017-10-16 12:52:21,090 INFO     ___FILE_ONLY___ =
2017-10-16 12:52:21,095 INFO     ___FILE_ONLY___ =
2017-10-16 12:52:21,098 INFO     ___FILE_ONLY___ =
2017-10-16 12:52:21,099 INFO     ___FILE_ONLY___ =
2017-10-16 12:52:21,102 INFO     ___FILE_ONLY___ =
2017-10-16 12:52:21,105 INFO     ___FILE_ONLY___ =
2017-10-16 12:52:21,106 INFO     ___FILE_ONLY___ =
2017-10-16 12:52:21,108 INFO     ___FILE_ONLY___ =
2017-10-16 12:52:21,109 INFO     ___FILE_ONLY___ =
2017-10-16 12:52:21,111 INFO     ___FILE_ONLY___ =
2017-10-16 12:52:21,113 INFO     ___FILE_ONLY___ =
2017-10-16 12:52:21,115 INFO     ___FILE_ONLY___ =
2017-10-16 12:52:21,116 INFO     ___FILE_ONLY___ =
2017-10-16 12:52:21,119 INFO     ___FILE_ONLY___ =
2017-10-16 12:52:21,121 INFO     ___FILE_ONLY___ =
2017-10-16 12:52:21,123 INFO     ___FILE_ONLY___ =
2017-10-16 12:52:21,126 INFO     ___FILE_ONLY___ =
2017-10-16 12:52:21,408 INFO     ___FILE_ONLY___ =
2017-10-16 12:52:21,432 INFO     ___FILE_ONLY___ =
2017-10-16 12:52:21,456 INFO     ___FILE_ONLY___ =
2017-10-16 12:52:21,477 INFO     ___FILE_ONLY___ =
2017-10-16 12:52:21,493 INFO     ___FILE_ONLY___ =
2017-10-16 12:52:21,511 INFO     ___FILE_ONLY___ =
2017-10-16 12:52:21,536 INFO     ___FILE_ONLY___ =
2017-10-16 12:52:21,554 INFO     ___FILE_ONLY___ =
2017-10-16 12:52:21,575 INFO     ___FILE_ONLY___ =
2017-10-16 12:52:21,594 INFO     ___FILE_ONLY___ =
2017-10-16 12:52:21,620 INFO     ___FILE_ONLY___ =
2017-10-16 12:52:21,646 INFO     ___FILE_ONLY___ =
2017-10-16 12:52:21,669 INFO     ___FILE_ONLY___ =
2017-10-16 12:52:21,692 INFO     ___FILE_ONLY___ =
2017-10-16 12:52:21,710 INFO     ___FILE_ONLY___ =
2017-10-16 12:52:21,727 INFO     ___FILE_ONLY___ =
2017-10-16 12:52:21,746 INFO     ___FILE_ONLY___ =
2017-10-16 12:52:21,761 INFO     ___FILE_ONLY___ =
2017-10-16 12:52:21,777 INFO     ___FILE_ONLY___ =
2017-10-16 12:52:21,794 INFO     ___FILE_ONLY___ =
2017-10-16 12:52:21,812 INFO     ___FILE_ONLY___ =
2017-10-16 12:52:21,829 INFO     ___FILE_ONLY___ =
2017-10-16 12:52:21,848 INFO     ___FILE_ONLY___ =
2017-10-16 12:52:21,870 INFO     ___FILE_ONLY___ =
2017-10-16 12:52:21,887 INFO     ___FILE_ONLY___ =
2017-10-16 12:52:21,905 INFO     ___FILE_ONLY___ =
2017-10-16 12:52:21,927 INFO     ___FILE_ONLY___ =
2017-10-16 12:52:21,946 INFO     ___FILE_ONLY___ =
2017-10-16 12:52:21,964 INFO     ___FILE_ONLY___ =
2017-10-16 12:52:21,984 INFO     ___FILE_ONLY___ =
2017-10-16 12:52:21,985 INFO     ___FILE_ONLY___ #

2017-10-16 12:52:22,022 INFO     ___FILE_ONLY___ #= Installing: Cloud Storage Command Line Tool (Platform... =#

2017-10-16 12:52:22,023 INFO     ___FILE_ONLY___ #
2017-10-16 12:52:22,120 INFO     ___FILE_ONLY___ ==============================
2017-10-16 12:52:22,122 INFO     ___FILE_ONLY___ ===============
2017-10-16 12:52:22,123 INFO     ___FILE_ONLY___ ===============
2017-10-16 12:52:22,123 INFO     ___FILE_ONLY___ #

2017-10-16 12:52:22,127 INFO     ___FILE_ONLY___ #= Installing: Default set of gcloud commands               =#

2017-10-16 12:52:22,127 INFO     ___FILE_ONLY___ #
2017-10-16 12:52:22,131 INFO     ___FILE_ONLY___ ============================================================
2017-10-16 12:52:22,131 INFO     ___FILE_ONLY___ #

2017-10-16 12:52:22,131 INFO     ___FILE_ONLY___ #= Installing: gcloud cli dependencies                      =#

2017-10-16 12:52:22,131 INFO     ___FILE_ONLY___ #
2017-10-16 12:52:22,284 INFO     ___FILE_ONLY___ =
2017-10-16 12:52:22,289 INFO     ___FILE_ONLY___ =
2017-10-16 12:52:22,293 INFO     ___FILE_ONLY___ =
2017-10-16 12:52:22,295 INFO     ___FILE_ONLY___ =
2017-10-16 12:52:22,298 INFO     ___FILE_ONLY___ =
2017-10-16 12:52:22,301 INFO     ___FILE_ONLY___ =
2017-10-16 12:52:22,303 INFO     ___FILE_ONLY___ =
2017-10-16 12:52:22,307 INFO     ___FILE_ONLY___ =
2017-10-16 12:52:22,309 INFO     ___FILE_ONLY___ =
2017-10-16 12:52:22,318 INFO     ___FILE_ONLY___ =
2017-10-16 12:52:22,319 INFO     ___FILE_ONLY___ =
2017-10-16 12:52:22,319 INFO     ___FILE_ONLY___ =
2017-10-16 12:52:22,320 INFO     ___FILE_ONLY___ =
2017-10-16 12:52:22,323 INFO     ___FILE_ONLY___ =
2017-10-16 12:52:22,324 INFO     ___FILE_ONLY___ =
2017-10-16 12:52:22,328 INFO     ___FILE_ONLY___ =
2017-10-16 12:52:22,329 INFO     ___FILE_ONLY___ =
2017-10-16 12:52:22,331 INFO     ___FILE_ONLY___ =
2017-10-16 12:52:22,336 INFO     ___FILE_ONLY___ =
2017-10-16 12:52:22,339 INFO     ___FILE_ONLY___ =
2017-10-16 12:52:22,339 INFO     ___FILE_ONLY___ =
2017-10-16 12:52:22,340 INFO     ___FILE_ONLY___ =
2017-10-16 12:52:22,340 INFO     ___FILE_ONLY___ =
2017-10-16 12:52:22,342 INFO     ___FILE_ONLY___ =
2017-10-16 12:52:22,343 INFO     ___FILE_ONLY___ =
2017-10-16 12:52:22,353 INFO     ___FILE_ONLY___ =
2017-10-16 12:52:22,354 INFO     ___FILE_ONLY___ =
2017-10-16 12:52:22,354 INFO     ___FILE_ONLY___ =
2017-10-16 12:52:22,356 INFO     ___FILE_ONLY___ =
2017-10-16 12:52:22,360 INFO     ___FILE_ONLY___ =
2017-10-16 12:52:22,410 INFO     ___FILE_ONLY___ =
2017-10-16 12:52:22,410 INFO     ___FILE_ONLY___ =
2017-10-16 12:52:22,411 INFO     ___FILE_ONLY___ =
2017-10-16 12:52:22,411 INFO     ___FILE_ONLY___ =
2017-10-16 12:52:22,412 INFO     ___FILE_ONLY___ =
2017-10-16 12:52:22,413 INFO     ___FILE_ONLY___ =
2017-10-16 12:52:22,413 INFO     ___FILE_ONLY___ =
2017-10-16 12:52:22,414 INFO     ___FILE_ONLY___ =
2017-10-16 12:52:22,414 INFO     ___FILE_ONLY___ =
2017-10-16 12:52:22,415 INFO     ___FILE_ONLY___ =
2017-10-16 12:52:22,415 INFO     ___FILE_ONLY___ =
2017-10-16 12:52:22,416 INFO     ___FILE_ONLY___ =
2017-10-16 12:52:22,417 INFO     ___FILE_ONLY___ =
2017-10-16 12:52:22,417 INFO     ___FILE_ONLY___ =
2017-10-16 12:52:22,417 INFO     ___FILE_ONLY___ =
2017-10-16 12:52:22,418 INFO     ___FILE_ONLY___ =
2017-10-16 12:52:22,418 INFO     ___FILE_ONLY___ =
2017-10-16 12:52:22,419 INFO     ___FILE_ONLY___ =
2017-10-16 12:52:22,419 INFO     ___FILE_ONLY___ =
2017-10-16 12:52:22,420 INFO     ___FILE_ONLY___ =
2017-10-16 12:52:22,421 INFO     ___FILE_ONLY___ =
2017-10-16 12:52:22,421 INFO     ___FILE_ONLY___ =
2017-10-16 12:52:22,422 INFO     ___FILE_ONLY___ =
2017-10-16 12:52:22,447 INFO     ___FILE_ONLY___ =
2017-10-16 12:52:22,448 INFO     ___FILE_ONLY___ =
2017-10-16 12:52:22,451 INFO     ___FILE_ONLY___ =
2017-10-16 12:52:22,452 INFO     ___FILE_ONLY___ =
2017-10-16 12:52:22,453 INFO     ___FILE_ONLY___ =
2017-10-16 12:52:22,454 INFO     ___FILE_ONLY___ =
2017-10-16 12:52:22,454 INFO     ___FILE_ONLY___ =
2017-10-16 12:52:22,454 INFO     ___FILE_ONLY___ #

2017-10-16 12:52:22,459 INFO     ___FILE_ONLY___ #= Creating backup and activating new installation          =#

2017-10-16 12:52:22,459 INFO     ___FILE_ONLY___ #
2017-10-16 12:52:22,459 DEBUG    root            Attempting to move directory [/usr/local/Caskroom/google-cloud-sdk/latest/google-cloud-sdk] to [/usr/local/Caskroom/google-cloud-sdk/latest/google-cloud-sdk.staging/.install/.backup]
2017-10-16 12:52:22,460 INFO     ___FILE_ONLY___ ==============================
2017-10-16 12:52:22,460 DEBUG    root            Attempting to move directory [/usr/local/Caskroom/google-cloud-sdk/latest/google-cloud-sdk.staging] to [/usr/local/Caskroom/google-cloud-sdk/latest/google-cloud-sdk]
2017-10-16 12:52:22,460 INFO     ___FILE_ONLY___ ==============================
2017-10-16 12:52:22,460 INFO     ___FILE_ONLY___ #

2017-10-16 12:52:22,463 DEBUG    root            Updating notification cache...
2017-10-16 12:52:22,463 INFO     ___FILE_ONLY___ 

2017-10-16 12:52:22,464 INFO     ___FILE_ONLY___ Performing post processing steps...
2017-10-16 12:52:22,464 DEBUG    root            Executing command: ['/usr/local/Cellar/python/2.7.14/Frameworks/Python.framework/Versions/2.7/Resources/Python.app/Contents/MacOS/Python', '-S', u'/usr/local/Caskroom/google-cloud-sdk/latest/google-cloud-sdk/lib/gcloud.py', u'components', u'post-process']
2017-10-16 12:52:54,184 DEBUG    ___FILE_ONLY___ 
2017-10-16 12:52:54,187 DEBUG    ___FILE_ONLY___ Generating the gcloud CLI and caching in [/usr/local/Caskroom/google-cloud-sdk/latest/google-cloud-sdk/.install/cli/gcloud.py]...
......done.

2017-10-16 12:52:54,309 INFO     ___FILE_ONLY___ 
Update done!


2017-10-16 12:52:54,315 INFO     root            Display format "none".
