2017-10-16 12:53:18,894 DEBUG    root            Loaded Command Group: ['gcloud', 'init']
2017-10-16 12:53:18,897 DEBUG    root            Running [gcloud.init] with arguments: []
2017-10-16 12:53:18,897 INFO     ___FILE_ONLY___ Welcome! This command will take you through the configuration of gcloud.


2017-10-16 12:53:18,898 INFO     ___FILE_ONLY___ Your current configuration has been set to: [default]


2017-10-16 12:53:18,898 INFO     ___FILE_ONLY___ You can skip diagnostics next time by using the following flag:

2017-10-16 12:53:18,898 INFO     ___FILE_ONLY___   gcloud init --skip-diagnostics


2017-10-16 12:53:18,898 INFO     ___FILE_ONLY___ Network diagnostic detects and fixes local network connection issues.

2017-10-16 12:53:18,898 INFO     ___FILE_ONLY___ Checking network connection...
2017-10-16 12:53:19,901 INFO     ___FILE_ONLY___ Reachability Check passed.

2017-10-16 12:53:19,901 INFO     ___FILE_ONLY___ Network diagnostic (1/1 checks) passed.


2017-10-16 12:53:21,548 DEBUG    root            Loaded Command Group: ['gcloud', 'auth']
2017-10-16 12:53:21,569 DEBUG    root            Loaded Command Group: ['gcloud', 'auth', 'login']
2017-10-16 12:53:21,571 INFO     root            Executing: [gcloud auth login --force --brief]
2017-10-16 12:53:21,573 DEBUG    root            Running [gcloud.auth.login] with arguments: [--brief: "True", --force: "True"]
2017-10-16 12:53:21,877 INFO     ___FILE_ONLY___ Your browser has been opened to visit:

    https://accounts.google.com/o/oauth2/auth?redirect_uri=http%3A%2F%2Flocalhost%3A8085%2F&prompt=select_account&response_type=code&client_id=32555940559.apps.googleusercontent.com&scope=https%3A%2F%2Fwww.googleapis.com%2Fauth%2Fuserinfo.email+https%3A%2F%2Fwww.googleapis.com%2Fauth%2Fcloud-platform+https%3A%2F%2Fwww.googleapis.com%2Fauth%2Fappengine.admin+https%3A%2F%2Fwww.googleapis.com%2Fauth%2Fcompute+https%3A%2F%2Fwww.googleapis.com%2Fauth%2Faccounts.reauth&access_type=offline



2017-10-16 12:53:29,193 INFO     oauth2client.client Successfully retrieved access token
2017-10-16 12:53:29,203 INFO     root            Display format "none".
2017-10-16 12:53:29,206 INFO     ___FILE_ONLY___ You are logged in as: [rpaddock@gmail.com].


2017-10-16 12:53:46,827 INFO     ___FILE_ONLY___ Your current project has been set to: [robin-backend-170818].


2017-10-16 12:53:46,828 DEBUG    root            Loaded Command Group: ['gcloud', 'compute', 'project_info']
2017-10-16 12:53:46,834 DEBUG    root            Loaded Command Group: ['gcloud', 'compute', 'project-info', 'describe']
2017-10-16 12:53:46,835 INFO     root            Executing: [gcloud compute project-info describe]
2017-10-16 12:53:46,838 DEBUG    root            Running [gcloud.compute.project-info.describe] with arguments: [--no-user-output-enabled: "false", --verbosity: "none"]
2017-10-16 12:53:54,944 INFO     ___FILE_ONLY___ Enabling service compute.googleapis.com on project 130373066464...

2017-10-16 12:53:56,127 INFO     ___FILE_ONLY___ Waiting for async operation operations/tmo-acf.ad2fd544-794f-4ca7-8ede-3f656f1fa88e to complete...

2017-10-16 12:55:04,476 INFO     ___FILE_ONLY___ Operation finished successfully. The following command can describe the Operation details:
 gcloud service-management operations describe operations/tmo-acf.ad2fd544-794f-4ca7-8ede-3f656f1fa88e

2017-10-16 12:55:24,801 DEBUG    root            (gcloud.compute.project-info.describe) Could not fetch resource:
 - Access Not Configured. Compute Engine API has not been used in project 130373066464 before or it is disabled. Enable it by visiting https://console.developers.google.com/apis/api/compute.googleapis.com/overview?project=130373066464 then retry. If you enabled this API recently, wait a few minutes for the action to propagate to our systems and retry.
Traceback (most recent call last):
  File "/usr/local/Caskroom/google-cloud-sdk/latest/google-cloud-sdk/lib/googlecloudsdk/calliope/cli.py", line 789, in Execute
    resources = calliope_command.Run(cli=self, args=args)
  File "/usr/local/Caskroom/google-cloud-sdk/latest/google-cloud-sdk/lib/googlecloudsdk/calliope/backend.py", line 759, in Run
    resources = command_instance.Run(args)
  File "/usr/local/Caskroom/google-cloud-sdk/latest/google-cloud-sdk/lib/surface/compute/project_info/describe.py", line 34, in Run
    project=project_ref.projectId))])[0]
  File "/usr/local/Caskroom/google-cloud-sdk/latest/google-cloud-sdk/lib/googlecloudsdk/api_lib/compute/client_adapter.py", line 89, in MakeRequests
    errors, error_message='Could not fetch resource:')
  File "/usr/local/Caskroom/google-cloud-sdk/latest/google-cloud-sdk/lib/googlecloudsdk/api_lib/compute/utils.py", line 106, in RaiseToolException
    RaiseException(problems, calliope_exceptions.ToolException, error_message)
  File "/usr/local/Caskroom/google-cloud-sdk/latest/google-cloud-sdk/lib/googlecloudsdk/api_lib/compute/utils.py", line 118, in RaiseException
    errors))
ToolException: Could not fetch resource:
 - Access Not Configured. Compute Engine API has not been used in project 130373066464 before or it is disabled. Enable it by visiting https://console.developers.google.com/apis/api/compute.googleapis.com/overview?project=130373066464 then retry. If you enabled this API recently, wait a few minutes for the action to propagate to our systems and retry.

2017-10-16 12:55:24,807 ERROR    root            (gcloud.compute.project-info.describe) Could not fetch resource:
 - Access Not Configured. Compute Engine API has not been used in project 130373066464 before or it is disabled. Enable it by visiting https://console.developers.google.com/apis/api/compute.googleapis.com/overview?project=130373066464 then retry. If you enabled this API recently, wait a few minutes for the action to propagate to our systems and retry.

2017-10-16 12:55:24,807 INFO     root            [compute project-info describe] has failed

2017-10-16 12:55:24,807 INFO     ___FILE_ONLY___ Not setting default zone/region (this feature makes it easier to use
[gcloud compute] by setting an appropriate default value for the
--zone and --region flag).
See https://cloud.google.com/compute/docs/gcloud-compute section on how to set
default compute region and zone manually. If you would like [gcloud init] to be
able to do this for you the next time you run it, make sure the
Compute Engine API is enabled for your project on the
https://console.developers.google.com/apis page.


2017-10-16 12:55:24,808 DEBUG    root            Executing command: ['/usr/local/Caskroom/google-cloud-sdk/latest/google-cloud-sdk/bin/gsutil', 'config', '-n', '-o', '/Users/rpaddock/.boto']
2017-10-16 12:55:25,975 DEBUG    ___FILE_ONLY___ 
2017-10-16 12:55:25,976 DEBUG    ___FILE_ONLY___ This command will create a boto config file at /Users/rpaddock/.boto
containing your credentials, based on your responses to the following
questions.

Boto config file "/Users/rpaddock/.boto" created. If you need to use a
proxy to access the Internet please see the instructions in that file.

2017-10-16 12:55:25,976 INFO     ___FILE_ONLY___ Created a default .boto configuration file at [/Users/rpaddock/.boto]. See this file and
[https://cloud.google.com/storage/docs/gsutil/commands/config] for more
information about configuring Google Cloud Storage.

2017-10-16 12:55:25,976 INFO     ___FILE_ONLY___ Your Google Cloud SDK is configured and ready to use!


2017-10-16 12:55:25,976 INFO     ___FILE_ONLY___ * Commands that require authentication will use rpaddock@gmail.com by default

2017-10-16 12:55:25,976 INFO     ___FILE_ONLY___ * Commands will reference project `robin-backend-170818` by default

2017-10-16 12:55:25,977 INFO     ___FILE_ONLY___ Run `gcloud help config` to learn how to change individual settings


2017-10-16 12:55:25,977 INFO     ___FILE_ONLY___ This gcloud configuration is called [default]. You can create additional configurations if you work with multiple accounts and/or projects.

2017-10-16 12:55:25,977 INFO     ___FILE_ONLY___ Run `gcloud topic configurations` to learn more.


2017-10-16 12:55:25,977 INFO     ___FILE_ONLY___ Some things to try next:


2017-10-16 12:55:25,977 INFO     ___FILE_ONLY___ * Run `gcloud --help` to see the Cloud Platform services you can interact with. And run `gcloud help COMMAND` to get help on any gcloud command.

2017-10-16 12:55:25,977 INFO     ___FILE_ONLY___ * Run `gcloud topic -h` to learn about advanced features of the SDK like arg files and output formatting

2017-10-16 12:55:25,979 INFO     root            Display format "default".
