2017-10-16 13:05:01,814 DEBUG    root            Loaded Command Group: ['gcloud', 'iam']
2017-10-16 13:05:01,817 DEBUG    root            Loaded Command Group: ['gcloud', 'iam', 'service_accounts']
2017-10-16 13:05:01,819 DEBUG    root            Loaded Command Group: ['gcloud', 'iam', 'service-accounts', 'keys']
2017-10-16 13:05:01,831 DEBUG    root            Loaded Command Group: ['gcloud', 'iam', 'service-accounts', 'keys', 'create']
2017-10-16 13:05:01,853 DEBUG    root            Running [gcloud.iam.service-accounts.keys.create] with arguments: [--iam-account: "rpaddock@robin-backend-170818.iam.gserviceaccount.com", OUTPUT-FILE: "/Users/rpaddock/key.json"]
2017-10-16 13:05:02,200 DEBUG    root            (gcloud.iam.service-accounts.keys.create) PERMISSION_DENIED: Permission iam.serviceAccountKeys.create is required to perform this operation on service account projects/-/serviceAccounts/rpaddock@robin-backend-170818.iam.gserviceaccount.com.
Traceback (most recent call last):
  File "/usr/local/Caskroom/google-cloud-sdk/latest/google-cloud-sdk/lib/googlecloudsdk/calliope/cli.py", line 789, in Execute
    resources = calliope_command.Run(cli=self, args=args)
  File "/usr/local/Caskroom/google-cloud-sdk/latest/google-cloud-sdk/lib/googlecloudsdk/calliope/backend.py", line 759, in Run
    resources = command_instance.Run(args)
  File "/usr/local/Caskroom/google-cloud-sdk/latest/google-cloud-sdk/lib/surface/iam/service_accounts/keys/create.py", line 66, in Run
    iam_util.KeyTypeFromString(args.key_file_type)))))
  File "/usr/local/Caskroom/google-cloud-sdk/latest/google-cloud-sdk/lib/googlecloudsdk/third_party/apis/iam/v1/iam_v1_client.py", line 471, in Create
    config, request, global_params=global_params)
  File "/usr/local/Caskroom/google-cloud-sdk/latest/google-cloud-sdk/lib/third_party/apitools/base/py/base_api.py", line 722, in _RunMethod
    return self.ProcessHttpResponse(method_config, http_response, request)
  File "/usr/local/Caskroom/google-cloud-sdk/latest/google-cloud-sdk/lib/third_party/apitools/base/py/base_api.py", line 728, in ProcessHttpResponse
    self.__ProcessHttpResponse(method_config, http_response, request))
  File "/usr/local/Caskroom/google-cloud-sdk/latest/google-cloud-sdk/lib/third_party/apitools/base/py/base_api.py", line 599, in __ProcessHttpResponse
    http_response, method_config=method_config, request=request)
HttpForbiddenError: HttpError accessing <https://iam.googleapis.com/v1/projects/-/serviceAccounts/rpaddock@robin-backend-170818.iam.gserviceaccount.com/keys?alt=json>: response: <{'status': '403', 'content-length': '270', 'x-xss-protection': '1; mode=block', 'x-content-type-options': 'nosniff', 'transfer-encoding': 'chunked', 'vary': 'Origin, X-Origin, Referer', 'server': 'ESF', '-content-encoding': 'gzip', 'cache-control': 'private', 'date': 'Mon, 16 Oct 2017 20:05:02 GMT', 'x-frame-options': 'SAMEORIGIN', 'alt-svc': 'quic=":443"; ma=2592000; v="41,39,38,37,35"', 'content-type': 'application/json; charset=UTF-8'}>, content <{
  "error": {
    "code": 403,
    "message": "Permission iam.serviceAccountKeys.create is required to perform this operation on service account projects/-/serviceAccounts/rpaddock@robin-backend-170818.iam.gserviceaccount.com.",
    "status": "PERMISSION_DENIED"
  }
}
>
2017-10-16 13:05:02,212 ERROR    root            (gcloud.iam.service-accounts.keys.create) PERMISSION_DENIED: Permission iam.serviceAccountKeys.create is required to perform this operation on service account projects/-/serviceAccounts/rpaddock@robin-backend-170818.iam.gserviceaccount.com.
