2017-10-17 16:48:27,294 DEBUG    root            Loaded Command Group: ['gcloud', 'info']
2017-10-17 16:48:27,297 DEBUG    root            No implementation for release track [GA] for element: [/usr/local/Caskroom/google-cloud-sdk/latest/google-cloud-sdk/lib/surface/tasks]
2017-10-17 16:48:27,299 DEBUG    root            Loaded Command Group: ['gcloud', 'feedback']
2017-10-17 16:48:27,301 DEBUG    root            Loaded Command Group: ['gcloud', 'app']
2017-10-17 16:48:27,306 DEBUG    root            Loaded Command Group: ['gcloud', 'topic']
2017-10-17 16:48:27,308 DEBUG    root            No implementation for release track [GA] for element: [/usr/local/Caskroom/google-cloud-sdk/latest/google-cloud-sdk/lib/surface/services]
2017-10-17 16:48:27,311 DEBUG    root            Loaded Command Group: ['gcloud', 'meta']
2017-10-17 16:48:27,321 DEBUG    root            No implementation for release track [GA] for element: [/usr/local/Caskroom/google-cloud-sdk/latest/google-cloud-sdk/lib/surface/search_help]
2017-10-17 16:48:27,322 DEBUG    root            Loaded Command Group: ['gcloud', 'datastore']
2017-10-17 16:48:27,324 DEBUG    root            Loaded Command Group: ['gcloud', 'help']
2017-10-17 16:48:27,326 DEBUG    root            Loaded Command Group: ['gcloud', 'iam']
2017-10-17 16:48:27,328 DEBUG    root            No implementation for release track [GA] for element: [/usr/local/Caskroom/google-cloud-sdk/latest/google-cloud-sdk/lib/surface/genomics]
2017-10-17 16:48:27,331 DEBUG    root            No implementation for release track [GA] for element: [/usr/local/Caskroom/google-cloud-sdk/latest/google-cloud-sdk/lib/surface/functions]
2017-10-17 16:48:27,340 DEBUG    root            Loaded Command Group: ['gcloud', 'container']
2017-10-17 16:48:27,343 DEBUG    root            No implementation for release track [GA] for element: [/usr/local/Caskroom/google-cloud-sdk/latest/google-cloud-sdk/lib/surface/billing]
2017-10-17 16:48:27,362 DEBUG    root            Loaded Command Group: ['gcloud', 'init']
2017-10-17 16:48:27,385 DEBUG    root            Loaded Command Group: ['gcloud', 'source']
2017-10-17 16:48:27,387 DEBUG    root            No implementation for release track [GA] for element: [/usr/local/Caskroom/google-cloud-sdk/latest/google-cloud-sdk/lib/surface/oslogin]
2017-10-17 16:48:27,387 DEBUG    root            Loaded Command Group: ['gcloud', 'version']
2017-10-17 16:48:27,390 DEBUG    root            Loaded Command Group: ['gcloud', 'kms']
2017-10-17 16:48:27,393 DEBUG    root            No implementation for release track [GA] for element: [/usr/local/Caskroom/google-cloud-sdk/latest/google-cloud-sdk/lib/surface/bigtable]
2017-10-17 16:48:27,394 DEBUG    root            Loaded Command Group: ['gcloud', 'dns']
2017-10-17 16:48:27,398 DEBUG    root            Loaded Command Group: ['gcloud', 'config']
2017-10-17 16:48:27,400 DEBUG    root            No implementation for release track [GA] for element: [/usr/local/Caskroom/google-cloud-sdk/latest/google-cloud-sdk/lib/surface/resources]
2017-10-17 16:48:27,401 DEBUG    root            No implementation for release track [GA] for element: [/usr/local/Caskroom/google-cloud-sdk/latest/google-cloud-sdk/lib/surface/pubsub]
2017-10-17 16:48:27,405 DEBUG    root            No implementation for release track [GA] for element: [/usr/local/Caskroom/google-cloud-sdk/latest/google-cloud-sdk/lib/surface/bio]
2017-10-17 16:48:27,683 DEBUG    root            No implementation for release track [GA] for element: [/usr/local/Caskroom/google-cloud-sdk/latest/google-cloud-sdk/lib/surface/shell]
2017-10-17 16:48:27,686 DEBUG    root            No implementation for release track [GA] for element: [/usr/local/Caskroom/google-cloud-sdk/latest/google-cloud-sdk/lib/surface/error_reporting]
2017-10-17 16:48:27,687 DEBUG    root            Loaded Command Group: ['gcloud', 'dataproc']
2017-10-17 16:48:27,697 DEBUG    root            Loaded Command Group: ['gcloud', 'ml_engine']
2017-10-17 16:48:27,701 DEBUG    root            No implementation for release track [GA] for element: [/usr/local/Caskroom/google-cloud-sdk/latest/google-cloud-sdk/lib/surface/iot]
2017-10-17 16:48:27,702 DEBUG    root            No implementation for release track [GA] for element: [/usr/local/Caskroom/google-cloud-sdk/latest/google-cloud-sdk/lib/surface/emulators]
2017-10-17 16:48:27,703 DEBUG    root            Loaded Command Group: ['gcloud', 'auth']
2017-10-17 16:48:27,708 DEBUG    root            Loaded Command Group: ['gcloud', 'debug']
2017-10-17 16:48:27,710 DEBUG    root            Loaded Command Group: ['gcloud', 'firebase']
2017-10-17 16:48:27,712 DEBUG    root            No implementation for release track [GA] for element: [/usr/local/Caskroom/google-cloud-sdk/latest/google-cloud-sdk/lib/surface/category_manager]
2017-10-17 16:48:27,714 DEBUG    root            Loaded Command Group: ['gcloud', 'sql']
2017-10-17 16:48:27,718 DEBUG    root            Loaded Command Group: ['gcloud', 'spanner']
2017-10-17 16:48:27,721 DEBUG    root            Loaded Command Group: ['gcloud', 'projects']
2017-10-17 16:48:27,724 DEBUG    root            No implementation for release track [GA] for element: [/usr/local/Caskroom/google-cloud-sdk/latest/google-cloud-sdk/lib/surface/resource_manager]
2017-10-17 16:48:27,725 DEBUG    root            Loaded Command Group: ['gcloud', 'organizations']
2017-10-17 16:48:27,727 DEBUG    root            Loaded Command Group: ['gcloud', 'logging']
2017-10-17 16:48:27,731 DEBUG    root            Loaded Command Group: ['gcloud', 'service_management']
2017-10-17 16:48:27,734 DEBUG    root            Loaded Command Group: ['gcloud', 'dataflow']
2017-10-17 16:48:27,736 DEBUG    root            Loaded Command Group: ['gcloud', 'ml']
2017-10-17 16:48:27,741 DEBUG    root            No implementation for release track [GA] for element: [/usr/local/Caskroom/google-cloud-sdk/latest/google-cloud-sdk/lib/surface/runtime_config]
2017-10-17 16:48:27,742 DEBUG    root            Loaded Command Group: ['gcloud', 'components']
2017-10-17 16:48:27,745 DEBUG    root            Loaded Command Group: ['gcloud', 'domains']
2017-10-17 16:48:27,749 DEBUG    root            Loaded Command Group: ['gcloud', 'docker']
2017-10-17 16:48:27,751 DEBUG    root            No implementation for release track [GA] for element: [/usr/local/Caskroom/google-cloud-sdk/latest/google-cloud-sdk/lib/surface/endpoints]
2017-10-17 16:48:27,752 DEBUG    root            Loaded Command Group: ['gcloud', 'deployment_manager']
2017-10-17 16:48:27,755 ERROR    root            (gcloud) Invalid choice: 'login'. Did you mean 'logging'?
