2017-10-17 17:00:32,852 DEBUG    root            Loaded Command Group: ['gcloud', 'auth']
2017-10-17 17:00:32,854 DEBUG    root            Loaded Command Group: ['gcloud', 'auth', 'list']
2017-10-17 17:00:32,856 DEBUG    root            Running [gcloud.auth.list] with arguments: []
2017-10-17 17:00:32,860 INFO     root            Display format "    table[title='Credentialed Accounts'](
        status.yesno(yes='*', no=''):label=ACTIVE,
        account
    )".
2017-10-17 17:00:32,865 INFO     ___FILE_ONLY___                   Credentialed Accounts
2017-10-17 17:00:32,865 INFO     ___FILE_ONLY___ 

2017-10-17 17:00:32,865 INFO     ___FILE_ONLY___ ACTIVE
2017-10-17 17:00:32,866 INFO     ___FILE_ONLY___   
2017-10-17 17:00:32,866 INFO     ___FILE_ONLY___ ACCOUNT
2017-10-17 17:00:32,866 INFO     ___FILE_ONLY___ 

2017-10-17 17:00:32,866 INFO     ___FILE_ONLY___         
2017-10-17 17:00:32,866 INFO     ___FILE_ONLY___ 130373066464-compute@developer.gserviceaccount.com
2017-10-17 17:00:32,867 INFO     ___FILE_ONLY___ 

2017-10-17 17:00:32,867 INFO     ___FILE_ONLY___ *
2017-10-17 17:00:32,867 INFO     ___FILE_ONLY___        
2017-10-17 17:00:32,867 INFO     ___FILE_ONLY___ rpaddock@gmail.com
2017-10-17 17:00:32,867 INFO     ___FILE_ONLY___ 

2017-10-17 17:00:32,867 INFO     ___FILE_ONLY___ 
To set the active account, run:
    $ gcloud config set account `ACCOUNT`


